2018-07-07T13:46:32+00:00 DEBUG 
====Stripe Version: 4.1.7====
====Start Log====
sources/src_1ClJYHKYvNMRLRW1SotCEia6
====End Log====


2018-07-07T13:46:33+00:00 DEBUG 
====Stripe Version: 4.1.7====
====Start Log====
customers request: Array
(
    [email] => lpessatti@gmail.com
    [description] => Name: Leonardo Pessatti Username: admin
    [metadata] => Array
        (
        )

)

====End Log====


2018-07-07T13:46:34+00:00 DEBUG 
====Stripe Version: 4.1.7====
====Start Log====
customers/cus_DBgwXN7mrNbnD2/sources request: Array
(
    [source] => src_1ClJYHKYvNMRLRW1SotCEia6
)

====End Log====


2018-07-07T13:46:36+00:00 DEBUG 
====Stripe Version: 4.1.7====
====Start Log====
customers/cus_DBgwXN7mrNbnD2 request: Array
(
    [default_source] => src_1ClJYHKYvNMRLRW1SotCEia6
)

====End Log====


2018-07-07T13:46:37+00:00 DEBUG 
====Stripe Version: 4.1.7====
====Start Log====
Info: Begin processing payment for order 18 for the amount of 110.00
====End Log====


2018-07-07T13:46:37+00:00 DEBUG 
====Stripe Version: 4.1.7====
====Start Log====
charges request: Array
(
    [currency] => brl
    [amount] => 11000
    [description] => Look After - Order 18
    [capture] => true
    [expand[]] => balance_transaction
    [metadata] => Array
        (
            [customer_name] => Leonardo Pessatti
            [customer_email] => lpessatti@gmail.com
            [order_id] => 18
        )

    [customer] => cus_DBgwXN7mrNbnD2
    [source] => src_1ClJYHKYvNMRLRW1SotCEia6
)

====End Log====


2018-07-07T13:46:39+00:00 DEBUG 
====Stripe Version: 4.1.7====
====Start Log====
Processing response: stdClass Object
(
    [id] => ch_1ClJYOKYvNMRLRW1TKxRQ3r2
    [object] => charge
    [amount] => 11000
    [amount_refunded] => 0
    [application] => 
    [application_fee] => 
    [balance_transaction] => stdClass Object
        (
            [id] => txn_1ClJYOKYvNMRLRW17iSQhSUT
            [object] => balance_transaction
            [amount] => 2819
            [available_on] => 1531526400
            [created] => 1530981996
            [currency] => usd
            [description] => Look After - Order 18
            [exchange_rate] => 0.256279
            [fee] => 112
            [fee_details] => Array
                (
                    [0] => stdClass Object
                        (
                            [amount] => 112
                            [application] => 
                            [currency] => usd
                            [description] => Stripe processing fees
                            [type] => stripe_fee
                        )

                )

            [net] => 2707
            [source] => ch_1ClJYOKYvNMRLRW1TKxRQ3r2
            [status] => pending
            [type] => charge
        )

    [captured] => 1
    [created] => 1530981996
    [currency] => brl
    [customer] => cus_DBgwXN7mrNbnD2
    [description] => Look After - Order 18
    [destination] => 
    [dispute] => 
    [failure_code] => 
    [failure_message] => 
    [fraud_details] => stdClass Object
        (
        )

    [invoice] => 
    [livemode] => 
    [metadata] => stdClass Object
        (
            [customer_name] => Leonardo Pessatti
            [customer_email] => lpessatti@gmail.com
            [order_id] => 18
        )

    [on_behalf_of] => 
    [order] => 
    [outcome] => stdClass Object
        (
            [network_status] => approved_by_network
            [reason] => 
            [risk_level] => normal
            [seller_message] => Payment complete.
            [type] => authorized
        )

    [paid] => 1
    [receipt_email] => 
    [receipt_number] => 
    [refunded] => 
    [refunds] => stdClass Object
        (
            [object] => list
            [data] => Array
                (
                )

            [has_more] => 
            [total_count] => 0
            [url] => /v1/charges/ch_1ClJYOKYvNMRLRW1TKxRQ3r2/refunds
        )

    [review] => 
    [shipping] => 
    [source] => stdClass Object
        (
            [id] => src_1ClJYHKYvNMRLRW1SotCEia6
            [object] => source
            [amount] => 
            [card] => stdClass Object
                (
                    [exp_month] => 5
                    [exp_year] => 2020
                    [address_line1_check] => pass
                    [address_zip_check] => pass
                    [brand] => Visa
                    [card_automatically_updated] => 
                    [country] => US
                    [cvc_check] => pass
                    [fingerprint] => y99gNKlmcokJGRPX
                    [funding] => credit
                    [last4] => 4242
                    [three_d_secure] => optional
                    [tokenization_method] => 
                    [dynamic_last4] => 
                )

            [client_secret] => src_client_secret_DBgwBAqklyGejMe82qvGnPAP
            [created] => 1530981996
            [currency] => 
            [customer] => cus_DBgwXN7mrNbnD2
            [flow] => none
            [livemode] => 
            [metadata] => stdClass Object
                (
                )

            [owner] => stdClass Object
                (
                    [address] => stdClass Object
                        (
                            [city] => rio do oeste
                            [country] => BR
                            [line1] => carlos pessatti,36
                            [line2] => 
                            [postal_code] => 89180000
                            [state] => SC
                        )

                    [email] => lpessatti@gmail.com
                    [name] => Leonardo Pessatti
                    [phone] => 
                    [verified_address] => 
                    [verified_email] => 
                    [verified_name] => 
                    [verified_phone] => 
                )

            [statement_descriptor] => 
            [status] => chargeable
            [type] => card
            [usage] => reusable
        )

    [source_transfer] => 
    [statement_descriptor] => 
    [status] => succeeded
    [transfer_group] => 
)

====End Log====


2018-07-07T13:51:58+00:00 DEBUG 
====Stripe Version: 4.1.7====
====Start Log====
customers/cus_DBgwXN7mrNbnD2/sources request: Array
(
    [limit] => 100
)

====End Log====


2018-07-07T13:52:01+00:00 DEBUG 
====Stripe Version: 4.1.7====
====Start Log====
customers/cus_DBgwXN7mrNbnD2/sources request: Array
(
    [limit] => 100
)

====End Log====


2018-07-07T13:52:14+00:00 DEBUG 
====Stripe Version: 4.1.7====
====Start Log====
sources/src_1ClJYHKYvNMRLRW1SotCEia6
====End Log====


2018-07-07T13:52:15+00:00 DEBUG 
====Stripe Version: 4.1.7====
====Start Log====
Info: Begin processing payment for order 19 for the amount of 30.00
====End Log====


2018-07-07T13:52:15+00:00 DEBUG 
====Stripe Version: 4.1.7====
====Start Log====
charges request: Array
(
    [currency] => brl
    [amount] => 3000
    [description] => Look After - Order 19
    [capture] => true
    [expand[]] => balance_transaction
    [metadata] => Array
        (
            [customer_name] => Leonardo Pessatti
            [customer_email] => lpessatti@gmail.com
            [order_id] => 19
        )

    [customer] => cus_DBgwXN7mrNbnD2
    [source] => src_1ClJYHKYvNMRLRW1SotCEia6
)

====End Log====


2018-07-07T13:52:16+00:00 DEBUG 
====Stripe Version: 4.1.7====
====Start Log====
Processing response: stdClass Object
(
    [id] => ch_1ClJdqKYvNMRLRW1DXSdt07T
    [object] => charge
    [amount] => 3000
    [amount_refunded] => 0
    [application] => 
    [application_fee] => 
    [balance_transaction] => stdClass Object
        (
            [id] => txn_1ClJdqKYvNMRLRW190AvQJ9w
            [object] => balance_transaction
            [amount] => 769
            [available_on] => 1531526400
            [created] => 1530982334
            [currency] => usd
            [description] => Look After - Order 19
            [exchange_rate] => 0.256279
            [fee] => 52
            [fee_details] => Array
                (
                    [0] => stdClass Object
                        (
                            [amount] => 52
                            [application] => 
                            [currency] => usd
                            [description] => Stripe processing fees
                            [type] => stripe_fee
                        )

                )

            [net] => 717
            [source] => ch_1ClJdqKYvNMRLRW1DXSdt07T
            [status] => pending
            [type] => charge
        )

    [captured] => 1
    [created] => 1530982334
    [currency] => brl
    [customer] => cus_DBgwXN7mrNbnD2
    [description] => Look After - Order 19
    [destination] => 
    [dispute] => 
    [failure_code] => 
    [failure_message] => 
    [fraud_details] => stdClass Object
        (
        )

    [invoice] => 
    [livemode] => 
    [metadata] => stdClass Object
        (
            [customer_name] => Leonardo Pessatti
            [customer_email] => lpessatti@gmail.com
            [order_id] => 19
        )

    [on_behalf_of] => 
    [order] => 
    [outcome] => stdClass Object
        (
            [network_status] => approved_by_network
            [reason] => 
            [risk_level] => normal
            [seller_message] => Payment complete.
            [type] => authorized
        )

    [paid] => 1
    [receipt_email] => 
    [receipt_number] => 
    [refunded] => 
    [refunds] => stdClass Object
        (
            [object] => list
            [data] => Array
                (
                )

            [has_more] => 
            [total_count] => 0
            [url] => /v1/charges/ch_1ClJdqKYvNMRLRW1DXSdt07T/refunds
        )

    [review] => 
    [shipping] => 
    [source] => stdClass Object
        (
            [id] => src_1ClJYHKYvNMRLRW1SotCEia6
            [object] => source
            [amount] => 
            [card] => stdClass Object
                (
                    [exp_month] => 5
                    [exp_year] => 2020
                    [address_line1_check] => pass
                    [address_zip_check] => pass
                    [brand] => Visa
                    [card_automatically_updated] => 
                    [country] => US
                    [cvc_check] => pass
                    [fingerprint] => y99gNKlmcokJGRPX
                    [funding] => credit
                    [last4] => 4242
                    [three_d_secure] => optional
                    [tokenization_method] => 
                    [dynamic_last4] => 
                )

            [client_secret] => src_client_secret_DBgwBAqklyGejMe82qvGnPAP
            [created] => 1530982334
            [currency] => 
            [customer] => cus_DBgwXN7mrNbnD2
            [flow] => none
            [livemode] => 
            [metadata] => stdClass Object
                (
                )

            [owner] => stdClass Object
                (
                    [address] => stdClass Object
                        (
                            [city] => rio do oeste
                            [country] => BR
                            [line1] => carlos pessatti,36
                            [line2] => 
                            [postal_code] => 89180000
                            [state] => SC
                        )

                    [email] => lpessatti@gmail.com
                    [name] => Leonardo Pessatti
                    [phone] => 
                    [verified_address] => 
                    [verified_email] => 
                    [verified_name] => 
                    [verified_phone] => 
                )

            [statement_descriptor] => 
            [status] => chargeable
            [type] => card
            [usage] => reusable
        )

    [source_transfer] => 
    [statement_descriptor] => 
    [status] => succeeded
    [transfer_group] => 
)

====End Log====


2018-07-07T13:55:53+00:00 DEBUG 
====Stripe Version: 4.1.7====
====Start Log====
customers/cus_DBgwXN7mrNbnD2/sources request: Array
(
    [limit] => 100
)

====End Log====


2018-07-07T13:55:56+00:00 DEBUG 
====Stripe Version: 4.1.7====
====Start Log====
customers/cus_DBgwXN7mrNbnD2/sources request: Array
(
    [limit] => 100
)

====End Log====


2018-07-07T13:56:03+00:00 DEBUG 
====Stripe Version: 4.1.7====
====Start Log====
customers/cus_DBgwXN7mrNbnD2/sources request: Array
(
    [limit] => 100
)

====End Log====


2018-07-07T13:56:09+00:00 DEBUG 
====Stripe Version: 4.1.7====
====Start Log====
customers/cus_DBgwXN7mrNbnD2/sources request: Array
(
    [limit] => 100
)

====End Log====


2018-07-07T13:56:12+00:00 DEBUG 
====Stripe Version: 4.1.7====
====Start Log====
sources/src_1ClJYHKYvNMRLRW1SotCEia6
====End Log====


2018-07-07T13:56:13+00:00 DEBUG 
====Stripe Version: 4.1.7====
====Start Log====
Info: Begin processing payment for order 20 for the amount of 30.00
====End Log====


2018-07-07T13:56:13+00:00 DEBUG 
====Stripe Version: 4.1.7====
====Start Log====
charges request: Array
(
    [currency] => brl
    [amount] => 3000
    [description] => Look After - Order 20
    [capture] => true
    [expand[]] => balance_transaction
    [metadata] => Array
        (
            [customer_name] => Leonardo Pessatti
            [customer_email] => lpessatti@gmail.com
            [order_id] => 20
        )

    [customer] => cus_DBgwXN7mrNbnD2
    [source] => src_1ClJYHKYvNMRLRW1SotCEia6
)

====End Log====


2018-07-07T13:56:15+00:00 DEBUG 
====Stripe Version: 4.1.7====
====Start Log====
Processing response: stdClass Object
(
    [id] => ch_1ClJhgKYvNMRLRW1smyCgAsH
    [object] => charge
    [amount] => 3000
    [amount_refunded] => 0
    [application] => 
    [application_fee] => 
    [balance_transaction] => stdClass Object
        (
            [id] => txn_1ClJhgKYvNMRLRW1wPmNogaA
            [object] => balance_transaction
            [amount] => 769
            [available_on] => 1531526400
            [created] => 1530982572
            [currency] => usd
            [description] => Look After - Order 20
            [exchange_rate] => 0.256279
            [fee] => 52
            [fee_details] => Array
                (
                    [0] => stdClass Object
                        (
                            [amount] => 52
                            [application] => 
                            [currency] => usd
                            [description] => Stripe processing fees
                            [type] => stripe_fee
                        )

                )

            [net] => 717
            [source] => ch_1ClJhgKYvNMRLRW1smyCgAsH
            [status] => pending
            [type] => charge
        )

    [captured] => 1
    [created] => 1530982572
    [currency] => brl
    [customer] => cus_DBgwXN7mrNbnD2
    [description] => Look After - Order 20
    [destination] => 
    [dispute] => 
    [failure_code] => 
    [failure_message] => 
    [fraud_details] => stdClass Object
        (
        )

    [invoice] => 
    [livemode] => 
    [metadata] => stdClass Object
        (
            [customer_name] => Leonardo Pessatti
            [customer_email] => lpessatti@gmail.com
            [order_id] => 20
        )

    [on_behalf_of] => 
    [order] => 
    [outcome] => stdClass Object
        (
            [network_status] => approved_by_network
            [reason] => 
            [risk_level] => normal
            [seller_message] => Payment complete.
            [type] => authorized
        )

    [paid] => 1
    [receipt_email] => 
    [receipt_number] => 
    [refunded] => 
    [refunds] => stdClass Object
        (
            [object] => list
            [data] => Array
                (
                )

            [has_more] => 
            [total_count] => 0
            [url] => /v1/charges/ch_1ClJhgKYvNMRLRW1smyCgAsH/refunds
        )

    [review] => 
    [shipping] => 
    [source] => stdClass Object
        (
            [id] => src_1ClJYHKYvNMRLRW1SotCEia6
            [object] => source
            [amount] => 
            [card] => stdClass Object
                (
                    [exp_month] => 5
                    [exp_year] => 2020
                    [address_line1_check] => pass
                    [address_zip_check] => pass
                    [brand] => Visa
                    [card_automatically_updated] => 
                    [country] => US
                    [cvc_check] => pass
                    [fingerprint] => y99gNKlmcokJGRPX
                    [funding] => credit
                    [last4] => 4242
                    [three_d_secure] => optional
                    [tokenization_method] => 
                    [dynamic_last4] => 
                )

            [client_secret] => src_client_secret_DBgwBAqklyGejMe82qvGnPAP
            [created] => 1530982572
            [currency] => 
            [customer] => cus_DBgwXN7mrNbnD2
            [flow] => none
            [livemode] => 
            [metadata] => stdClass Object
                (
                )

            [owner] => stdClass Object
                (
                    [address] => stdClass Object
                        (
                            [city] => rio do oeste
                            [country] => BR
                            [line1] => carlos pessatti,36
                            [line2] => 
                            [postal_code] => 89180000
                            [state] => SC
                        )

                    [email] => lpessatti@gmail.com
                    [name] => Leonardo Pessatti
                    [phone] => 
                    [verified_address] => 
                    [verified_email] => 
                    [verified_name] => 
                    [verified_phone] => 
                )

            [statement_descriptor] => 
            [status] => chargeable
            [type] => card
            [usage] => reusable
        )

    [source_transfer] => 
    [statement_descriptor] => 
    [status] => succeeded
    [transfer_group] => 
)

====End Log====


2018-07-07T13:57:07+00:00 DEBUG 
====Stripe Version: 4.1.7====
====Start Log====
customers/cus_DBgwXN7mrNbnD2/sources request: Array
(
    [limit] => 100
)

====End Log====


2018-07-07T13:57:09+00:00 DEBUG 
====Stripe Version: 4.1.7====
====Start Log====
customers/cus_DBgwXN7mrNbnD2/sources request: Array
(
    [limit] => 100
)

====End Log====


2018-07-07T13:57:16+00:00 DEBUG 
====Stripe Version: 4.1.7====
====Start Log====
sources/src_1ClJYHKYvNMRLRW1SotCEia6
====End Log====


2018-07-07T13:57:17+00:00 DEBUG 
====Stripe Version: 4.1.7====
====Start Log====
Info: Begin processing payment for order 21 for the amount of 30.00
====End Log====


2018-07-07T13:57:17+00:00 DEBUG 
====Stripe Version: 4.1.7====
====Start Log====
charges request: Array
(
    [currency] => brl
    [amount] => 3000
    [description] => Look After - Order 21
    [capture] => true
    [expand[]] => balance_transaction
    [metadata] => Array
        (
            [customer_name] => Leonardo Pessatti
            [customer_email] => lpessatti@gmail.com
            [order_id] => 21
        )

    [customer] => cus_DBgwXN7mrNbnD2
    [source] => src_1ClJYHKYvNMRLRW1SotCEia6
)

====End Log====


2018-07-07T13:57:19+00:00 DEBUG 
====Stripe Version: 4.1.7====
====Start Log====
Processing response: stdClass Object
(
    [id] => ch_1ClJiiKYvNMRLRW1cMdYOK1H
    [object] => charge
    [amount] => 3000
    [amount_refunded] => 0
    [application] => 
    [application_fee] => 
    [balance_transaction] => stdClass Object
        (
            [id] => txn_1ClJiiKYvNMRLRW11AeZ6n9k
            [object] => balance_transaction
            [amount] => 769
            [available_on] => 1531526400
            [created] => 1530982636
            [currency] => usd
            [description] => Look After - Order 21
            [exchange_rate] => 0.256279
            [fee] => 52
            [fee_details] => Array
                (
                    [0] => stdClass Object
                        (
                            [amount] => 52
                            [application] => 
                            [currency] => usd
                            [description] => Stripe processing fees
                            [type] => stripe_fee
                        )

                )

            [net] => 717
            [source] => ch_1ClJiiKYvNMRLRW1cMdYOK1H
            [status] => pending
            [type] => charge
        )

    [captured] => 1
    [created] => 1530982636
    [currency] => brl
    [customer] => cus_DBgwXN7mrNbnD2
    [description] => Look After - Order 21
    [destination] => 
    [dispute] => 
    [failure_code] => 
    [failure_message] => 
    [fraud_details] => stdClass Object
        (
        )

    [invoice] => 
    [livemode] => 
    [metadata] => stdClass Object
        (
            [customer_name] => Leonardo Pessatti
            [customer_email] => lpessatti@gmail.com
            [order_id] => 21
        )

    [on_behalf_of] => 
    [order] => 
    [outcome] => stdClass Object
        (
            [network_status] => approved_by_network
            [reason] => 
            [risk_level] => normal
            [seller_message] => Payment complete.
            [type] => authorized
        )

    [paid] => 1
    [receipt_email] => 
    [receipt_number] => 
    [refunded] => 
    [refunds] => stdClass Object
        (
            [object] => list
            [data] => Array
                (
                )

            [has_more] => 
            [total_count] => 0
            [url] => /v1/charges/ch_1ClJiiKYvNMRLRW1cMdYOK1H/refunds
        )

    [review] => 
    [shipping] => 
    [source] => stdClass Object
        (
            [id] => src_1ClJYHKYvNMRLRW1SotCEia6
            [object] => source
            [amount] => 
            [card] => stdClass Object
                (
                    [exp_month] => 5
                    [exp_year] => 2020
                    [address_line1_check] => pass
                    [address_zip_check] => pass
                    [brand] => Visa
                    [card_automatically_updated] => 
                    [country] => US
                    [cvc_check] => 
                    [fingerprint] => y99gNKlmcokJGRPX
                    [funding] => credit
                    [last4] => 4242
                    [three_d_secure] => optional
                    [tokenization_method] => 
                    [dynamic_last4] => 
                )

            [client_secret] => src_client_secret_DBgwBAqklyGejMe82qvGnPAP
            [created] => 1530982636
            [currency] => 
            [customer] => cus_DBgwXN7mrNbnD2
            [flow] => none
            [livemode] => 
            [metadata] => stdClass Object
                (
                )

            [owner] => stdClass Object
                (
                    [address] => stdClass Object
                        (
                            [city] => rio do oeste
                            [country] => BR
                            [line1] => carlos pessatti,36
                            [line2] => 
                            [postal_code] => 89180000
                            [state] => SC
                        )

                    [email] => lpessatti@gmail.com
                    [name] => Leonardo Pessatti
                    [phone] => 
                    [verified_address] => 
                    [verified_email] => 
                    [verified_name] => 
                    [verified_phone] => 
                )

            [statement_descriptor] => 
            [status] => chargeable
            [type] => card
            [usage] => reusable
        )

    [source_transfer] => 
    [statement_descriptor] => 
    [status] => succeeded
    [transfer_group] => 
)

====End Log====


2018-07-07T14:05:01+00:00 DEBUG 
====Stripe Version: 4.1.7====
====Start Log====
customers/cus_DBgwXN7mrNbnD2/sources request: Array
(
    [limit] => 100
)

====End Log====


2018-07-07T14:05:04+00:00 DEBUG 
====Stripe Version: 4.1.7====
====Start Log====
customers/cus_DBgwXN7mrNbnD2/sources request: Array
(
    [limit] => 100
)

====End Log====


2018-07-07T14:06:02+00:00 DEBUG 
====Stripe Version: 4.1.7====
====Start Log====
sources/src_1ClJYHKYvNMRLRW1SotCEia6
====End Log====


2018-07-07T14:06:03+00:00 DEBUG 
====Stripe Version: 4.1.7====
====Start Log====
Info: Begin processing payment for order 22 for the amount of 50.00
====End Log====


2018-07-07T14:06:03+00:00 DEBUG 
====Stripe Version: 4.1.7====
====Start Log====
charges request: Array
(
    [currency] => brl
    [amount] => 5000
    [description] => Look After - Order 22
    [capture] => true
    [expand[]] => balance_transaction
    [metadata] => Array
        (
            [customer_name] => Leonardo Pessatti
            [customer_email] => lpessatti@gmail.com
            [order_id] => 22
        )

    [customer] => cus_DBgwXN7mrNbnD2
    [source] => src_1ClJYHKYvNMRLRW1SotCEia6
)

====End Log====


2018-07-07T14:06:08+00:00 DEBUG 
====Stripe Version: 4.1.7====
====Start Log====
Processing response: stdClass Object
(
    [id] => ch_1ClJrFKYvNMRLRW15NjZqfPF
    [object] => charge
    [amount] => 5000
    [amount_refunded] => 0
    [application] => 
    [application_fee] => 
    [balance_transaction] => stdClass Object
        (
            [id] => txn_1ClJrFKYvNMRLRW1LB7kqfGc
            [object] => balance_transaction
            [amount] => 1281
            [available_on] => 1531526400
            [created] => 1530983165
            [currency] => usd
            [description] => Look After - Order 22
            [exchange_rate] => 0.256279
            [fee] => 67
            [fee_details] => Array
                (
                    [0] => stdClass Object
                        (
                            [amount] => 67
                            [application] => 
                            [currency] => usd
                            [description] => Stripe processing fees
                            [type] => stripe_fee
                        )

                )

            [net] => 1214
            [source] => ch_1ClJrFKYvNMRLRW15NjZqfPF
            [status] => pending
            [type] => charge
        )

    [captured] => 1
    [created] => 1530983165
    [currency] => brl
    [customer] => cus_DBgwXN7mrNbnD2
    [description] => Look After - Order 22
    [destination] => 
    [dispute] => 
    [failure_code] => 
    [failure_message] => 
    [fraud_details] => stdClass Object
        (
        )

    [invoice] => 
    [livemode] => 
    [metadata] => stdClass Object
        (
            [customer_name] => Leonardo Pessatti
            [customer_email] => lpessatti@gmail.com
            [order_id] => 22
        )

    [on_behalf_of] => 
    [order] => 
    [outcome] => stdClass Object
        (
            [network_status] => approved_by_network
            [reason] => 
            [risk_level] => normal
            [seller_message] => Payment complete.
            [type] => authorized
        )

    [paid] => 1
    [receipt_email] => 
    [receipt_number] => 
    [refunded] => 
    [refunds] => stdClass Object
        (
            [object] => list
            [data] => Array
                (
                )

            [has_more] => 
            [total_count] => 0
            [url] => /v1/charges/ch_1ClJrFKYvNMRLRW15NjZqfPF/refunds
        )

    [review] => 
    [shipping] => 
    [source] => stdClass Object
        (
            [id] => src_1ClJYHKYvNMRLRW1SotCEia6
            [object] => source
            [amount] => 
            [card] => stdClass Object
                (
                    [exp_month] => 5
                    [exp_year] => 2020
                    [address_line1_check] => pass
                    [address_zip_check] => pass
                    [brand] => Visa
                    [card_automatically_updated] => 
                    [country] => US
                    [cvc_check] => 
                    [fingerprint] => y99gNKlmcokJGRPX
                    [funding] => credit
                    [last4] => 4242
                    [three_d_secure] => optional
                    [tokenization_method] => 
                    [dynamic_last4] => 
                )

            [client_secret] => src_client_secret_DBgwBAqklyGejMe82qvGnPAP
            [created] => 1530983165
            [currency] => 
            [customer] => cus_DBgwXN7mrNbnD2
            [flow] => none
            [livemode] => 
            [metadata] => stdClass Object
                (
                )

            [owner] => stdClass Object
                (
                    [address] => stdClass Object
                        (
                            [city] => rio do oeste
                            [country] => BR
                            [line1] => carlos pessatti,36
                            [line2] => 
                            [postal_code] => 89180000
                            [state] => SC
                        )

                    [email] => lpessatti@gmail.com
                    [name] => Leonardo Pessatti
                    [phone] => 
                    [verified_address] => 
                    [verified_email] => 
                    [verified_name] => 
                    [verified_phone] => 
                )

            [statement_descriptor] => 
            [status] => chargeable
            [type] => card
            [usage] => reusable
        )

    [source_transfer] => 
    [statement_descriptor] => 
    [status] => succeeded
    [transfer_group] => 
)

====End Log====


2018-07-07T15:04:28+00:00 DEBUG 
====Stripe Version: 4.1.7====
====Start Log====
customers/cus_DBgwXN7mrNbnD2/sources request: Array
(
    [limit] => 100
)

====End Log====


2018-07-07T15:04:31+00:00 DEBUG 
====Stripe Version: 4.1.7====
====Start Log====
customers/cus_DBgwXN7mrNbnD2/sources request: Array
(
    [limit] => 100
)

====End Log====


2018-07-07T15:04:37+00:00 DEBUG 
====Stripe Version: 4.1.7====
====Start Log====
sources/src_1ClJYHKYvNMRLRW1SotCEia6
====End Log====


2018-07-07T15:04:38+00:00 DEBUG 
====Stripe Version: 4.1.7====
====Start Log====
Info: Begin processing payment for order 37 for the amount of 12.00
====End Log====


2018-07-07T15:04:38+00:00 DEBUG 
====Stripe Version: 4.1.7====
====Start Log====
charges request: Array
(
    [currency] => brl
    [amount] => 1200
    [description] => Look After - Order 37
    [capture] => true
    [expand[]] => balance_transaction
    [metadata] => Array
        (
            [customer_name] => Leonardo Pessatti
            [customer_email] => lpessatti@gmail.com
            [order_id] => 37
        )

    [customer] => cus_DBgwXN7mrNbnD2
    [source] => src_1ClJYHKYvNMRLRW1SotCEia6
)

====End Log====


2018-07-07T15:04:40+00:00 DEBUG 
====Stripe Version: 4.1.7====
====Start Log====
Processing response: stdClass Object
(
    [id] => ch_1ClKlvKYvNMRLRW1bT4tA5Rd
    [object] => charge
    [amount] => 1200
    [amount_refunded] => 0
    [application] => 
    [application_fee] => 
    [balance_transaction] => stdClass Object
        (
            [id] => txn_1ClKlwKYvNMRLRW1mfQ1ogy4
            [object] => balance_transaction
            [amount] => 308
            [available_on] => 1531526400
            [created] => 1530986679
            [currency] => usd
            [description] => Look After - Order 37
            [exchange_rate] => 0.256279
            [fee] => 39
            [fee_details] => Array
                (
                    [0] => stdClass Object
                        (
                            [amount] => 39
                            [application] => 
                            [currency] => usd
                            [description] => Stripe processing fees
                            [type] => stripe_fee
                        )

                )

            [net] => 269
            [source] => ch_1ClKlvKYvNMRLRW1bT4tA5Rd
            [status] => pending
            [type] => charge
        )

    [captured] => 1
    [created] => 1530986679
    [currency] => brl
    [customer] => cus_DBgwXN7mrNbnD2
    [description] => Look After - Order 37
    [destination] => 
    [dispute] => 
    [failure_code] => 
    [failure_message] => 
    [fraud_details] => stdClass Object
        (
        )

    [invoice] => 
    [livemode] => 
    [metadata] => stdClass Object
        (
            [customer_name] => Leonardo Pessatti
            [customer_email] => lpessatti@gmail.com
            [order_id] => 37
        )

    [on_behalf_of] => 
    [order] => 
    [outcome] => stdClass Object
        (
            [network_status] => approved_by_network
            [reason] => 
            [risk_level] => normal
            [seller_message] => Payment complete.
            [type] => authorized
        )

    [paid] => 1
    [receipt_email] => 
    [receipt_number] => 
    [refunded] => 
    [refunds] => stdClass Object
        (
            [object] => list
            [data] => Array
                (
                )

            [has_more] => 
            [total_count] => 0
            [url] => /v1/charges/ch_1ClKlvKYvNMRLRW1bT4tA5Rd/refunds
        )

    [review] => 
    [shipping] => 
    [source] => stdClass Object
        (
            [id] => src_1ClJYHKYvNMRLRW1SotCEia6
            [object] => source
            [amount] => 
            [card] => stdClass Object
                (
                    [exp_month] => 5
                    [exp_year] => 2020
                    [address_line1_check] => pass
                    [address_zip_check] => pass
                    [brand] => Visa
                    [card_automatically_updated] => 
                    [country] => US
                    [cvc_check] => 
                    [fingerprint] => y99gNKlmcokJGRPX
                    [funding] => credit
                    [last4] => 4242
                    [three_d_secure] => optional
                    [tokenization_method] => 
                    [dynamic_last4] => 
                )

            [client_secret] => src_client_secret_DBgwBAqklyGejMe82qvGnPAP
            [created] => 1530986680
            [currency] => 
            [customer] => cus_DBgwXN7mrNbnD2
            [flow] => none
            [livemode] => 
            [metadata] => stdClass Object
                (
                )

            [owner] => stdClass Object
                (
                    [address] => stdClass Object
                        (
                            [city] => rio do oeste
                            [country] => BR
                            [line1] => carlos pessatti,36
                            [line2] => 
                            [postal_code] => 89180000
                            [state] => SC
                        )

                    [email] => lpessatti@gmail.com
                    [name] => Leonardo Pessatti
                    [phone] => 
                    [verified_address] => 
                    [verified_email] => 
                    [verified_name] => 
                    [verified_phone] => 
                )

            [statement_descriptor] => 
            [status] => chargeable
            [type] => card
            [usage] => reusable
        )

    [source_transfer] => 
    [statement_descriptor] => 
    [status] => succeeded
    [transfer_group] => 
)

====End Log====


2018-07-07T15:09:01+00:00 DEBUG 
====Stripe Version: 4.1.7====
====Start Log====
customers/cus_DBgwXN7mrNbnD2/sources request: Array
(
    [limit] => 100
)

====End Log====


2018-07-07T15:09:03+00:00 DEBUG 
====Stripe Version: 4.1.7====
====Start Log====
customers/cus_DBgwXN7mrNbnD2/sources request: Array
(
    [limit] => 100
)

====End Log====


2018-07-07T15:09:35+00:00 DEBUG 
====Stripe Version: 4.1.7====
====Start Log====
customers/cus_DBgwXN7mrNbnD2/sources request: Array
(
    [limit] => 100
)

====End Log====


2018-07-07T15:09:39+00:00 DEBUG 
====Stripe Version: 4.1.7====
====Start Log====
customers/cus_DBgwXN7mrNbnD2/sources request: Array
(
    [limit] => 100
)

====End Log====


2018-07-07T15:09:42+00:00 DEBUG 
====Stripe Version: 4.1.7====
====Start Log====
sources/src_1ClJYHKYvNMRLRW1SotCEia6
====End Log====


2018-07-07T15:09:44+00:00 DEBUG 
====Stripe Version: 4.1.7====
====Start Log====
Info: Begin processing payment for order 39 for the amount of 22.00
====End Log====


2018-07-07T15:09:44+00:00 DEBUG 
====Stripe Version: 4.1.7====
====Start Log====
charges request: Array
(
    [currency] => brl
    [amount] => 2200
    [description] => Look After - Order 39
    [capture] => true
    [expand[]] => balance_transaction
    [metadata] => Array
        (
            [customer_name] => Leonardo Pessatti
            [customer_email] => lpessatti@gmail.com
            [order_id] => 39
        )

    [customer] => cus_DBgwXN7mrNbnD2
    [source] => src_1ClJYHKYvNMRLRW1SotCEia6
)

====End Log====


2018-07-07T15:09:45+00:00 DEBUG 
====Stripe Version: 4.1.7====
====Start Log====
Processing response: stdClass Object
(
    [id] => ch_1ClKqrKYvNMRLRW1cV0HsqGA
    [object] => charge
    [amount] => 2200
    [amount_refunded] => 0
    [application] => 
    [application_fee] => 
    [balance_transaction] => stdClass Object
        (
            [id] => txn_1ClKqrKYvNMRLRW1T364PZu5
            [object] => balance_transaction
            [amount] => 564
            [available_on] => 1531526400
            [created] => 1530986985
            [currency] => usd
            [description] => Look After - Order 39
            [exchange_rate] => 0.256279
            [fee] => 46
            [fee_details] => Array
                (
                    [0] => stdClass Object
                        (
                            [amount] => 46
                            [application] => 
                            [currency] => usd
                            [description] => Stripe processing fees
                            [type] => stripe_fee
                        )

                )

            [net] => 518
            [source] => ch_1ClKqrKYvNMRLRW1cV0HsqGA
            [status] => pending
            [type] => charge
        )

    [captured] => 1
    [created] => 1530986985
    [currency] => brl
    [customer] => cus_DBgwXN7mrNbnD2
    [description] => Look After - Order 39
    [destination] => 
    [dispute] => 
    [failure_code] => 
    [failure_message] => 
    [fraud_details] => stdClass Object
        (
        )

    [invoice] => 
    [livemode] => 
    [metadata] => stdClass Object
        (
            [customer_name] => Leonardo Pessatti
            [customer_email] => lpessatti@gmail.com
            [order_id] => 39
        )

    [on_behalf_of] => 
    [order] => 
    [outcome] => stdClass Object
        (
            [network_status] => approved_by_network
            [reason] => 
            [risk_level] => normal
            [seller_message] => Payment complete.
            [type] => authorized
        )

    [paid] => 1
    [receipt_email] => 
    [receipt_number] => 
    [refunded] => 
    [refunds] => stdClass Object
        (
            [object] => list
            [data] => Array
                (
                )

            [has_more] => 
            [total_count] => 0
            [url] => /v1/charges/ch_1ClKqrKYvNMRLRW1cV0HsqGA/refunds
        )

    [review] => 
    [shipping] => 
    [source] => stdClass Object
        (
            [id] => src_1ClJYHKYvNMRLRW1SotCEia6
            [object] => source
            [amount] => 
            [card] => stdClass Object
                (
                    [exp_month] => 5
                    [exp_year] => 2020
                    [address_line1_check] => pass
                    [address_zip_check] => pass
                    [brand] => Visa
                    [card_automatically_updated] => 
                    [country] => US
                    [cvc_check] => 
                    [fingerprint] => y99gNKlmcokJGRPX
                    [funding] => credit
                    [last4] => 4242
                    [three_d_secure] => optional
                    [tokenization_method] => 
                    [dynamic_last4] => 
                )

            [client_secret] => src_client_secret_DBgwBAqklyGejMe82qvGnPAP
            [created] => 1530986986
            [currency] => 
            [customer] => cus_DBgwXN7mrNbnD2
            [flow] => none
            [livemode] => 
            [metadata] => stdClass Object
                (
                )

            [owner] => stdClass Object
                (
                    [address] => stdClass Object
                        (
                            [city] => rio do oeste
                            [country] => BR
                            [line1] => carlos pessatti,36
                            [line2] => 
                            [postal_code] => 89180000
                            [state] => SC
                        )

                    [email] => lpessatti@gmail.com
                    [name] => Leonardo Pessatti
                    [phone] => 
                    [verified_address] => 
                    [verified_email] => 
                    [verified_name] => 
                    [verified_phone] => 
                )

            [statement_descriptor] => 
            [status] => chargeable
            [type] => card
            [usage] => reusable
        )

    [source_transfer] => 
    [statement_descriptor] => 
    [status] => succeeded
    [transfer_group] => 
)

====End Log====


